Daily activity on Sat May  3 19:59:43 UTC 2025
Daily activity on Sun May  4 06:47:49 UTC 2025
Daily activity on Mon May  5 06:52:08 UTC 2025
Daily activity on Tue May  6 06:50:44 UTC 2025
Daily activity on Wed May  7 06:51:34 UTC 2025
Daily activity on Thu May  8 06:51:50 UTC 2025
Daily activity on Fri May  9 06:51:17 UTC 2025
Daily activity on Sat May 10 06:45:22 UTC 2025
Daily activity on Sun May 11 06:47:23 UTC 2025
Daily activity on Mon May 12 06:53:10 UTC 2025
Daily activity on Tue May 13 06:51:37 UTC 2025
Daily activity on Wed May 14 06:51:56 UTC 2025
Daily activity on Thu May 15 06:52:23 UTC 2025
Daily activity on Fri May 16 06:51:48 UTC 2025
Daily activity on Sat May 17 06:46:33 UTC 2025
Daily activity on Sun May 18 06:49:58 UTC 2025
Daily activity on Mon May 19 06:53:31 UTC 2025
Daily activity on Tue May 20 06:52:44 UTC 2025
Daily activity on Wed May 21 06:52:54 UTC 2025
Daily activity on Thu May 22 06:51:54 UTC 2025
Daily activity on Fri May 23 06:51:24 UTC 2025
Daily activity on Sat May 24 06:45:45 UTC 2025
Daily activity on Sun May 25 06:47:27 UTC 2025
Daily activity on Mon May 26 06:53:45 UTC 2025
Daily activity on Tue May 27 06:52:00 UTC 2025
Daily activity on Wed May 28 06:52:34 UTC 2025
Daily activity on Thu May 29 06:52:45 UTC 2025
Daily activity on Fri May 30 06:52:40 UTC 2025
Daily activity on Sat May 31 06:47:52 UTC 2025
Daily activity on Sun Jun  1 06:50:26 UTC 2025
Daily activity on Mon Jun  2 06:55:28 UTC 2025
Daily activity on Tue Jun  3 06:54:36 UTC 2025
Daily activity on Wed Jun  4 06:30:02 UTC 2025
Daily activity on Thu Jun  5 06:30:56 UTC 2025
Daily activity on Fri Jun  6 06:30:40 UTC 2025
Daily activity on Sat Jun  7 06:27:16 UTC 2025
Daily activity on Sun Jun  8 06:28:35 UTC 2025
Daily activity on Mon Jun  9 06:31:47 UTC 2025
Daily activity on Tue Jun 10 06:30:08 UTC 2025
Daily activity on Wed Jun 11 06:30:12 UTC 2025
Daily activity on Thu Jun 12 06:30:33 UTC 2025
Daily activity on Fri Jun 13 06:30:27 UTC 2025
Daily activity on Sat Jun 14 06:27:09 UTC 2025
Daily activity on Sun Jun 15 06:27:30 UTC 2025
Daily activity on Mon Jun 16 06:32:09 UTC 2025
Daily activity on Tue Jun 17 06:30:32 UTC 2025
Daily activity on Wed Jun 18 06:30:25 UTC 2025
Daily activity on Thu Jun 19 06:30:32 UTC 2025
Daily activity on Fri Jun 20 06:30:25 UTC 2025
Daily activity on Sat Jun 21 06:27:38 UTC 2025
Daily activity on Sun Jun 22 06:28:16 UTC 2025
Daily activity on Mon Jun 23 06:32:15 UTC 2025
Daily activity on Tue Jun 24 06:31:34 UTC 2025
Daily activity on Wed Jun 25 06:31:30 UTC 2025
Daily activity on Thu Jun 26 06:31:28 UTC 2025
Daily activity on Fri Jun 27 06:31:00 UTC 2025
Daily activity on Sat Jun 28 06:27:37 UTC 2025
Daily activity on Sun Jun 29 06:29:28 UTC 2025
Daily activity on Mon Jun 30 06:32:05 UTC 2025
Daily activity on Tue Jul  1 06:31:48 UTC 2025
Daily activity on Wed Jul  2 06:31:31 UTC 2025
Daily activity on Thu Jul  3 06:31:41 UTC 2025
Daily activity on Fri Jul  4 06:31:23 UTC 2025
Daily activity on Sat Jul  5 06:28:12 UTC 2025
Daily activity on Sun Jul  6 06:29:13 UTC 2025
Daily activity on Mon Jul  7 06:32:52 UTC 2025
Daily activity on Tue Jul  8 06:31:44 UTC 2025
Daily activity on Wed Jul  9 06:31:32 UTC 2025
Daily activity on Thu Jul 10 06:32:19 UTC 2025
Daily activity on Fri Jul 11 06:31:51 UTC 2025
Daily activity on Sat Jul 12 06:29:13 UTC 2025
Daily activity on Sun Jul 13 06:30:11 UTC 2025
Daily activity on Mon Jul 14 06:34:06 UTC 2025
Daily activity on Tue Jul 15 06:33:29 UTC 2025
Daily activity on Wed Jul 16 06:32:56 UTC 2025
Daily activity on Thu Jul 17 06:32:33 UTC 2025
Daily activity on Fri Jul 18 06:32:39 UTC 2025
Daily activity on Sat Jul 19 06:30:11 UTC 2025
Daily activity on Sun Jul 20 06:30:04 UTC 2025
Daily activity on Mon Jul 21 06:33:38 UTC 2025
Daily activity on Tue Jul 22 06:33:07 UTC 2025
Daily activity on Wed Jul 23 06:33:50 UTC 2025
Daily activity on Thu Jul 24 06:33:52 UTC 2025
Daily activity on Fri Jul 25 06:33:44 UTC 2025
Daily activity on Sat Jul 26 06:30:46 UTC 2025
Daily activity on Sun Jul 27 06:31:17 UTC 2025
Daily activity on Mon Jul 28 06:35:31 UTC 2025
Daily activity on Tue Jul 29 06:34:20 UTC 2025
Daily activity on Wed Jul 30 06:35:25 UTC 2025
Daily activity on Thu Jul 31 06:34:03 UTC 2025
Daily activity on Fri Aug  1 06:35:20 UTC 2025
Daily activity on Sat Aug  2 06:30:03 UTC 2025
Daily activity on Sun Aug  3 06:30:33 UTC 2025
Daily activity on Mon Aug  4 06:39:50 UTC 2025
Daily activity on Tue Aug  5 06:35:34 UTC 2025
Daily activity on Wed Aug  6 06:35:42 UTC 2025
Daily activity on Thu Aug  7 06:35:11 UTC 2025
Daily activity on Fri Aug  8 06:35:19 UTC 2025
Daily activity on Sat Aug  9 06:30:45 UTC 2025
Daily activity on Sun Aug 10 06:30:21 UTC 2025
Daily activity on Mon Aug 11 06:35:00 UTC 2025
Daily activity on Tue Aug 12 06:32:27 UTC 2025
Daily activity on Wed Aug 13 06:32:22 UTC 2025
Daily activity on Thu Aug 14 06:32:45 UTC 2025
Daily activity on Fri Aug 15 06:31:59 UTC 2025
Daily activity on Sat Aug 16 06:29:06 UTC 2025
Daily activity on Sun Aug 17 06:29:59 UTC 2025
Daily activity on Mon Aug 18 06:34:47 UTC 2025
Daily activity on Tue Aug 19 06:31:15 UTC 2025
Daily activity on Wed Aug 20 06:31:08 UTC 2025
Daily activity on Thu Aug 21 06:39:37 UTC 2025
Daily activity on Fri Aug 22 06:30:28 UTC 2025
Daily activity on Sat Aug 23 06:27:15 UTC 2025
Daily activity on Sun Aug 24 06:28:42 UTC 2025
Daily activity on Mon Aug 25 06:32:48 UTC 2025
Daily activity on Tue Aug 26 06:31:25 UTC 2025
Daily activity on Wed Aug 27 06:28:55 UTC 2025
Daily activity on Thu Aug 28 06:29:52 UTC 2025
Daily activity on Fri Aug 29 06:29:28 UTC 2025
Daily activity on Sat Aug 30 06:26:12 UTC 2025
Daily activity on Sun Aug 31 06:27:05 UTC 2025
Daily activity on Mon Sep  1 06:32:25 UTC 2025
Daily activity on Tue Sep  2 06:30:44 UTC 2025
Daily activity on Wed Sep  3 06:27:53 UTC 2025
Daily activity on Thu Sep  4 06:28:41 UTC 2025
Daily activity on Fri Sep  5 06:28:57 UTC 2025
Daily activity on Sat Sep  6 06:25:39 UTC 2025
Daily activity on Sun Sep  7 06:25:50 UTC 2025
Daily activity on Mon Sep  8 06:30:49 UTC 2025
Daily activity on Tue Sep  9 06:29:53 UTC 2025
Daily activity on Wed Sep 10 06:29:03 UTC 2025
Daily activity on Thu Sep 11 06:29:17 UTC 2025
Daily activity on Fri Sep 12 06:28:52 UTC 2025
Daily activity on Sat Sep 13 06:25:33 UTC 2025
Daily activity on Sun Sep 14 06:26:15 UTC 2025
